c:\users\aakyol\documents\vısual studıo 2013\projects\screenshot\screenshot\debug\vc120.pdb
c:\users\aakyol\documents\vısual studıo 2013\projects\screenshot\screenshot\debug\vc120.ıdb
c:\users\aakyol\documents\vısual studıo 2013\projects\screenshot\screenshot\debug\maın.obj
c:\users\aakyol\documents\visual studio 2013\projects\screenshot\screenshot\debug\main.obj
c:\users\aakyol\documents\visual studio 2013\projects\screenshot\screenshot\debug\vc120.idb
c:\users\aakyol\documents\visual studio 2013\projects\screenshot\screenshot\debug\vc120.pdb
c:\users\aakyol\documents\visual studio 2013\projects\screenshot\debug\screenshot.pdb
c:\users\aakyol\documents\visual studio 2013\projects\screenshot\screenshot\debug\screenshot.tlog\cl.command.1.tlog
c:\users\aakyol\documents\visual studio 2013\projects\screenshot\screenshot\debug\screenshot.tlog\cl.read.1.tlog
c:\users\aakyol\documents\visual studio 2013\projects\screenshot\screenshot\debug\screenshot.tlog\cl.write.1.tlog
c:\users\aakyol\documents\visual studio 2013\projects\screenshot\screenshot\debug\screenshot.tlog\link-cvtres.read.1.tlog
c:\users\aakyol\documents\visual studio 2013\projects\screenshot\screenshot\debug\screenshot.tlog\link-cvtres.write.1.tlog
c:\users\aakyol\documents\visual studio 2013\projects\screenshot\screenshot\debug\screenshot.tlog\link-rc.read.1.tlog
c:\users\aakyol\documents\visual studio 2013\projects\screenshot\screenshot\debug\screenshot.tlog\link-rc.write.1.tlog
c:\users\aakyol\documents\visual studio 2013\projects\screenshot\screenshot\debug\screenshot.tlog\link.5820-cvtres.read.1.tlog
c:\users\aakyol\documents\visual studio 2013\projects\screenshot\screenshot\debug\screenshot.tlog\link.5820-cvtres.write.1.tlog
c:\users\aakyol\documents\visual studio 2013\projects\screenshot\screenshot\debug\screenshot.tlog\link.5820-rc.read.1.tlog
c:\users\aakyol\documents\visual studio 2013\projects\screenshot\screenshot\debug\screenshot.tlog\link.5820-rc.write.1.tlog
c:\users\aakyol\documents\visual studio 2013\projects\screenshot\screenshot\debug\screenshot.tlog\link.5820.read.1.tlog
c:\users\aakyol\documents\visual studio 2013\projects\screenshot\screenshot\debug\screenshot.tlog\link.5820.write.1.tlog
c:\users\aakyol\documents\visual studio 2013\projects\screenshot\screenshot\debug\screenshot.tlog\link.command.1.tlog
c:\users\aakyol\documents\visual studio 2013\projects\screenshot\screenshot\debug\screenshot.tlog\link.read.1.tlog
c:\users\aakyol\documents\visual studio 2013\projects\screenshot\screenshot\debug\screenshot.tlog\link.write.1.tlog
